2018-09-14 16:23:00,753 [Worker-5: Import Getting Started Content] WARN  o.e.m.c.i.embedder.EclipseLogger - The POM for org.apache.maven:maven-plugin-api:jar:2.2.1 is invalid, transitive dependencies (if any) will not be available, enable debug logging for more details
2018-09-14 16:23:00,782 [Worker-5: Import Getting Started Content] WARN  o.e.m.c.i.embedder.EclipseLogger - The POM for org.apache.maven:maven-core:jar:2.2.1 is invalid, transitive dependencies (if any) will not be available, enable debug logging for more details
2018-09-14 16:23:01,691 [Worker-5: Import Getting Started Content] INFO  o.e.m.c.i.l.LifecycleMappingFactory - Using org.eclipse.m2e.jdt.JarLifecycleMapping lifecycle mapping for MavenProject: com.example:FirstSpringBoot_01:0.0.1-SNAPSHOT @ E:\SpringBootTelusko\FirstSpringBoot_01\pom.xml.
2018-09-14 16:23:04,120 [Worker-5: Import Getting Started Content] INFO  o.e.m.j.i.AbstractJavaProjectConfigurator - Adding source folder /FirstSpringBoot_01/src/main/java
2018-09-14 16:23:04,121 [Worker-5: Import Getting Started Content] INFO  o.e.m.j.i.AbstractJavaProjectConfigurator - Adding resource folder /FirstSpringBoot_01/src/main/resources
2018-09-14 16:23:04,126 [Worker-5: Import Getting Started Content] INFO  o.e.m.j.i.AbstractJavaProjectConfigurator - Adding resource folder /FirstSpringBoot_01/src/main/resources
2018-09-14 16:23:04,135 [Worker-5: Import Getting Started Content] INFO  o.e.m.j.i.AbstractJavaProjectConfigurator - Adding source folder /FirstSpringBoot_01/src/test/java
2018-09-14 16:23:04,891 [Worker-5: Import Getting Started Content] INFO  o.e.m.c.i.p.ProjectConfigurationManager - Imported and configured 1 project(s) in 7 sec
2018-09-14 16:23:04,894 [Worker-5: Import Getting Started Content] INFO  o.e.m.c.i.p.ProjectConfigurationManager - Update started
2018-09-14 16:23:05,397 [Worker-5: Import Getting Started Content] WARN  o.e.m.c.i.embedder.EclipseLogger - The POM for org.apache.maven:maven-plugin-api:jar:2.2.1 is invalid, transitive dependencies (if any) will not be available, enable debug logging for more details
2018-09-14 16:23:05,402 [Worker-5: Import Getting Started Content] WARN  o.e.m.c.i.embedder.EclipseLogger - The POM for org.apache.maven:maven-core:jar:2.2.1 is invalid, transitive dependencies (if any) will not be available, enable debug logging for more details
2018-09-14 16:23:05,524 [Worker-5: Import Getting Started Content] INFO  o.e.m.c.i.l.LifecycleMappingFactory - Using org.eclipse.m2e.jdt.JarLifecycleMapping lifecycle mapping for MavenProject: com.example:FirstSpringBoot_01:0.0.1-SNAPSHOT @ E:\SpringBootTelusko\FirstSpringBoot_01\pom.xml.
2018-09-14 16:23:06,304 [Worker-5: Import Getting Started Content] INFO  o.e.m.j.i.AbstractJavaProjectConfigurator - Adding source folder /FirstSpringBoot_01/src/main/java
2018-09-14 16:23:06,304 [Worker-5: Import Getting Started Content] INFO  o.e.m.j.i.AbstractJavaProjectConfigurator - Adding resource folder /FirstSpringBoot_01/src/main/resources
2018-09-14 16:23:06,306 [Worker-5: Import Getting Started Content] INFO  o.e.m.j.i.AbstractJavaProjectConfigurator - Adding resource folder /FirstSpringBoot_01/src/main/resources
2018-09-14 16:23:06,310 [Worker-5: Import Getting Started Content] INFO  o.e.m.j.i.AbstractJavaProjectConfigurator - Adding source folder /FirstSpringBoot_01/src/test/java
2018-09-14 16:23:06,664 [Worker-5: Import Getting Started Content] INFO  o.e.m.c.i.p.ProjectConfigurationManager - Update completed: 1 sec
2018-09-14 16:23:12,227 [Worker-14: Building workspace] INFO  o.e.m.c.i.embedder.EclipseLogger - Using 'UTF-8' encoding to copy filtered resources.
2018-09-14 16:23:12,245 [Worker-14: Building workspace] INFO  o.e.m.c.i.embedder.EclipseLogger - Copying 1 resource
2018-09-14 16:23:12,258 [Worker-14: Building workspace] INFO  o.e.m.c.i.embedder.EclipseLogger - Copying 0 resource
2018-09-14 16:23:12,262 [Worker-14: Building workspace] INFO  o.e.m.c.i.embedder.EclipseLogger - Using 'UTF-8' encoding to copy filtered resources.
2018-09-14 16:23:12,262 [Worker-14: Building workspace] INFO  o.e.m.c.i.embedder.EclipseLogger - skip non existing resourceDirectory E:\SpringBootTelusko\FirstSpringBoot_01\src\test\resources
2018-09-14 16:23:14,218 [Worker-13: Building workspace] INFO  o.e.m.c.i.embedder.EclipseLogger - Using 'UTF-8' encoding to copy filtered resources.
2018-09-14 16:23:14,219 [Worker-13: Building workspace] INFO  o.e.m.c.i.embedder.EclipseLogger - Copying 0 resource
2018-09-14 16:23:14,219 [Worker-13: Building workspace] INFO  o.e.m.c.i.embedder.EclipseLogger - Copying 0 resource
2018-09-14 16:23:14,221 [Worker-13: Building workspace] INFO  o.e.m.c.i.embedder.EclipseLogger - Using 'UTF-8' encoding to copy filtered resources.
2018-09-14 16:23:14,222 [Worker-13: Building workspace] INFO  o.e.m.c.i.embedder.EclipseLogger - skip non existing resourceDirectory E:\SpringBootTelusko\FirstSpringBoot_01\src\test\resources
2018-09-14 16:24:06,129 [Worker-2: Building workspace] INFO  o.e.m.c.i.embedder.EclipseLogger - Using 'UTF-8' encoding to copy filtered resources.
2018-09-14 16:24:06,132 [Worker-2: Building workspace] INFO  o.e.m.c.i.embedder.EclipseLogger - Copying 1 resource
2018-09-14 16:24:06,133 [Worker-2: Building workspace] INFO  o.e.m.c.i.embedder.EclipseLogger - Copying 0 resource
2018-09-14 16:24:06,137 [Worker-2: Building workspace] INFO  o.e.m.c.i.embedder.EclipseLogger - Using 'UTF-8' encoding to copy filtered resources.
2018-09-14 16:24:06,137 [Worker-2: Building workspace] INFO  o.e.m.c.i.embedder.EclipseLogger - skip non existing resourceDirectory E:\SpringBootTelusko\FirstSpringBoot_01\src\test\resources
2018-09-14 16:25:44,174 [Worker-9: Building workspace] INFO  o.e.m.c.i.embedder.EclipseLogger - Using 'UTF-8' encoding to copy filtered resources.
2018-09-14 16:25:44,175 [Worker-9: Building workspace] INFO  o.e.m.c.i.embedder.EclipseLogger - Copying 1 resource
2018-09-14 16:25:44,177 [Worker-9: Building workspace] INFO  o.e.m.c.i.embedder.EclipseLogger - Copying 0 resource
2018-09-14 16:25:44,180 [Worker-9: Building workspace] INFO  o.e.m.c.i.embedder.EclipseLogger - Using 'UTF-8' encoding to copy filtered resources.
2018-09-14 16:25:44,180 [Worker-9: Building workspace] INFO  o.e.m.c.i.embedder.EclipseLogger - skip non existing resourceDirectory E:\SpringBootTelusko\FirstSpringBoot_01\src\test\resources
2018-09-14 16:29:02,304 [Worker-2: Building workspace] INFO  o.e.m.c.i.embedder.EclipseLogger - Using 'UTF-8' encoding to copy filtered resources.
2018-09-14 16:29:02,305 [Worker-2: Building workspace] INFO  o.e.m.c.i.embedder.EclipseLogger - Copying 1 resource
2018-09-14 16:29:02,306 [Worker-2: Building workspace] INFO  o.e.m.c.i.embedder.EclipseLogger - Copying 0 resource
2018-09-14 16:29:02,309 [Worker-2: Building workspace] INFO  o.e.m.c.i.embedder.EclipseLogger - Using 'UTF-8' encoding to copy filtered resources.
2018-09-14 16:29:02,309 [Worker-2: Building workspace] INFO  o.e.m.c.i.embedder.EclipseLogger - skip non existing resourceDirectory E:\SpringBootTelusko\FirstSpringBoot_01\src\test\resources
2018-09-14 16:31:45,913 [Worker-21: Building workspace] INFO  o.e.m.c.i.embedder.EclipseLogger - Using 'UTF-8' encoding to copy filtered resources.
2018-09-14 16:31:45,913 [Worker-21: Building workspace] INFO  o.e.m.c.i.embedder.EclipseLogger - Copying 1 resource
2018-09-14 16:31:45,915 [Worker-21: Building workspace] INFO  o.e.m.c.i.embedder.EclipseLogger - Copying 0 resource
2018-09-14 16:31:45,918 [Worker-21: Building workspace] INFO  o.e.m.c.i.embedder.EclipseLogger - Using 'UTF-8' encoding to copy filtered resources.
2018-09-14 16:31:45,918 [Worker-21: Building workspace] INFO  o.e.m.c.i.embedder.EclipseLogger - skip non existing resourceDirectory E:\SpringBootTelusko\FirstSpringBoot_01\src\test\resources
2018-09-14 16:32:48,231 [Worker-2: Building workspace] INFO  o.e.m.c.i.embedder.EclipseLogger - Using 'UTF-8' encoding to copy filtered resources.
2018-09-14 16:32:48,232 [Worker-2: Building workspace] INFO  o.e.m.c.i.embedder.EclipseLogger - Copying 1 resource
2018-09-14 16:32:48,233 [Worker-2: Building workspace] INFO  o.e.m.c.i.embedder.EclipseLogger - Copying 0 resource
2018-09-14 16:32:48,236 [Worker-2: Building workspace] INFO  o.e.m.c.i.embedder.EclipseLogger - Using 'UTF-8' encoding to copy filtered resources.
2018-09-14 16:32:48,237 [Worker-2: Building workspace] INFO  o.e.m.c.i.embedder.EclipseLogger - skip non existing resourceDirectory E:\SpringBootTelusko\FirstSpringBoot_01\src\test\resources
2018-09-14 16:33:20,689 [Worker-2: Building workspace] INFO  o.e.m.c.i.embedder.EclipseLogger - Using 'UTF-8' encoding to copy filtered resources.
2018-09-14 16:33:20,689 [Worker-2: Building workspace] INFO  o.e.m.c.i.embedder.EclipseLogger - Copying 1 resource
2018-09-14 16:33:20,690 [Worker-2: Building workspace] INFO  o.e.m.c.i.embedder.EclipseLogger - Copying 0 resource
2018-09-14 16:33:20,695 [Worker-2: Building workspace] INFO  o.e.m.c.i.embedder.EclipseLogger - Using 'UTF-8' encoding to copy filtered resources.
2018-09-14 16:33:20,696 [Worker-2: Building workspace] INFO  o.e.m.c.i.embedder.EclipseLogger - skip non existing resourceDirectory E:\SpringBootTelusko\FirstSpringBoot_01\src\test\resources
